<?xml version="1.0" encoding="UTF-8"?>
<!-- Generated by org.testng.reporters.JUnitReportReporter -->
<testsuite skipped="0" hostname="mataraex-System-Product-Name" name="com.matraex.BBB.Android.BBBConsumerAndroid.AppTest" tests="1" failures="0" timestamp="2019-08-26T17:41:37 IST" time="0.008" errors="0">
  <testcase name="testApp" time="0.008" classname="com.matraex.BBB.Android.BBBConsumerAndroid.AppTest"/>
</testsuite> <!-- com.matraex.BBB.Android.BBBConsumerAndroid.AppTest -->
